Performing C SOURCE FILE Test CMAKE_HAVE_LIBC_PTHREAD failed with the following output:
Change Dir: /code/ex7/ex_workspace/build/odom_aux/CMakeFiles/CMakeTmp

Run Build Command(s):/usr/bin/make cmTC_d8245/fast && /usr/bin/make -f CMakeFiles/cmTC_d8245.dir/build.make CMakeFiles/cmTC_d8245.dir/build
make[1]: Entering directory '/code/ex7/ex_workspace/build/odom_aux/CMakeFiles/CMakeTmp'
Building C object CMakeFiles/cmTC_d8245.dir/src.c.o
/usr/bin/cc   -DCMAKE_HAVE_LIBC_PTHREAD   -o CMakeFiles/cmTC_d8245.dir/src.c.o   -c /code/ex7/ex_workspace/build/odom_aux/CMakeFiles/CMakeTmp/src.c
Linking C executable cmTC_d8245
/usr/bin/cmake -E cmake_link_script CMakeFiles/cmTC_d8245.dir/link.txt --verbose=1
/usr/bin/cc  -DCMAKE_HAVE_LIBC_PTHREAD    -rdynamic CMakeFiles/cmTC_d8245.dir/src.c.o  -o cmTC_d8245 
/usr/bin/ld: CMakeFiles/cmTC_d8245.dir/src.c.o: in function `main':
src.c:(.text+0x46): undefined reference to `pthread_create'
/usr/bin/ld: src.c:(.text+0x52): undefined reference to `pthread_detach'
/usr/bin/ld: src.c:(.text+0x63): undefined reference to `pthread_join'
collect2: error: ld returned 1 exit status
make[1]: *** [CMakeFiles/cmTC_d8245.dir/build.make:87: cmTC_d8245] Error 1
make[1]: Leaving directory '/code/ex7/ex_workspace/build/odom_aux/CMakeFiles/CMakeTmp'
make: *** [Makefile:121: cmTC_d8245/fast] Error 2


Source file was:
#include <pthread.h>

void* test_func(void* data)
{
  return data;
}

int main(void)
{
  pthread_t thread;
  pthread_create(&thread, NULL, test_func, NULL);
  pthread_detach(thread);
  pthread_join(thread, NULL);
  pthread_atfork(NULL, NULL, NULL);
  pthread_exit(NULL);

  return 0;
}

Determining if the function pthread_create exists in the pthreads failed with the following output:
Change Dir: /code/ex7/ex_workspace/build/odom_aux/CMakeFiles/CMakeTmp

Run Build Command(s):/usr/bin/make cmTC_d61f8/fast && /usr/bin/make -f CMakeFiles/cmTC_d61f8.dir/build.make CMakeFiles/cmTC_d61f8.dir/build
make[1]: Entering directory '/code/ex7/ex_workspace/build/odom_aux/CMakeFiles/CMakeTmp'
Building C object CMakeFiles/cmTC_d61f8.dir/CheckFunctionExists.c.o
/usr/bin/cc   -DCHECK_FUNCTION_EXISTS=pthread_create   -o CMakeFiles/cmTC_d61f8.dir/CheckFunctionExists.c.o   -c /usr/share/cmake-3.16/Modules/CheckFunctionExists.c
Linking C executable cmTC_d61f8
/usr/bin/cmake -E cmake_link_script CMakeFiles/cmTC_d61f8.dir/link.txt --verbose=1
/usr/bin/cc  -DCHECK_FUNCTION_EXISTS=pthread_create    -rdynamic CMakeFiles/cmTC_d61f8.dir/CheckFunctionExists.c.o  -o cmTC_d61f8  -lpthreads 
/usr/bin/ld: cannot find -lpthreads
collect2: error: ld returned 1 exit status
make[1]: *** [CMakeFiles/cmTC_d61f8.dir/build.make:87: cmTC_d61f8] Error 1
make[1]: Leaving directory '/code/ex7/ex_workspace/build/odom_aux/CMakeFiles/CMakeTmp'
make: *** [Makefile:121: cmTC_d61f8/fast] Error 2



